<?xml version="1.0" encoding="UTF-8"?>
<!-- Generated by org.testng.reporters.JUnitXMLReporter -->
<testsuite ignored="0" hostname="DESKTOP-CM2DMLB" failures="0" tests="4" name="Default test" time="0.18" errors="0" timestamp="2022-01-26T18:58:53 IST">
  <testcase classname="Practice.testNG" name="a1" time="0.027"/>
  <testcase classname="Practice.testNG" name="a3" time="0.006"/>
  <testcase classname="Practice.testNG" name="b" time="0.007"/>
  <testcase classname="Practice.testNG" name="z" time="0.003"/>
</testsuite> <!-- Default test -->
