<?xml version="1.0" encoding="UTF-8"?>
<testng-results ignored="0" total="4" passed="4" failed="0" skipped="0">
  <reporter-output>
  </reporter-output>
  <suite started-at="2022-01-26T18:58:53 IST" name="Default suite" finished-at="2022-01-26T18:58:53 IST" duration-ms="180">
    <groups>
    </groups>
    <test started-at="2022-01-26T18:58:53 IST" name="Default test" finished-at="2022-01-26T18:58:53 IST" duration-ms="180">
      <class name="Practice.testNG">
        <test-method signature="a1()[pri:0, instance:Practice.testNG@747edf66]" started-at="2022-01-26T18:58:53 IST" name="a1" finished-at="2022-01-26T18:58:53 IST" duration-ms="27" status="PASS">
          <reporter-output>
          </reporter-output>
        </test-method> <!-- a1 -->
        <test-method signature="a3()[pri:0, instance:Practice.testNG@747edf66]" started-at="2022-01-26T18:58:53 IST" name="a3" finished-at="2022-01-26T18:58:53 IST" duration-ms="6" status="PASS">
          <reporter-output>
          </reporter-output>
        </test-method> <!-- a3 -->
        <test-method signature="b()[pri:0, instance:Practice.testNG@747edf66]" started-at="2022-01-26T18:58:53 IST" name="b" finished-at="2022-01-26T18:58:53 IST" duration-ms="7" status="PASS">
          <reporter-output>
          </reporter-output>
        </test-method> <!-- b -->
        <test-method signature="z()[pri:0, instance:Practice.testNG@747edf66]" started-at="2022-01-26T18:58:53 IST" name="z" finished-at="2022-01-26T18:58:53 IST" duration-ms="3" status="PASS">
          <reporter-output>
          </reporter-output>
        </test-method> <!-- z -->
      </class> <!-- Practice.testNG -->
    </test> <!-- Default test -->
  </suite> <!-- Default suite -->
</testng-results>
